10-Dec-2020 15:18:06.726 INFO [main] org.apache.catalina.startup.VersionLoggerListener.log Server version name:   Apache Tomcat/9.0.41
10-Dec-2020 15:18:06.731 INFO [main] org.apache.catalina.startup.VersionLoggerListener.log Server built:          Dec 3 2020 11:43:00 UTC
10-Dec-2020 15:18:06.732 INFO [main] org.apache.catalina.startup.VersionLoggerListener.log Server version number: 9.0.41.0
10-Dec-2020 15:18:06.732 INFO [main] org.apache.catalina.startup.VersionLoggerListener.log OS Name:               Windows 10
10-Dec-2020 15:18:06.732 INFO [main] org.apache.catalina.startup.VersionLoggerListener.log OS Version:            10.0
10-Dec-2020 15:18:06.732 INFO [main] org.apache.catalina.startup.VersionLoggerListener.log Architecture:          amd64
10-Dec-2020 15:18:06.732 INFO [main] org.apache.catalina.startup.VersionLoggerListener.log Java Home:             C:\Program Files\Java\jre1.8.0_241
10-Dec-2020 15:18:06.732 INFO [main] org.apache.catalina.startup.VersionLoggerListener.log JVM Version:           1.8.0_241-b07
10-Dec-2020 15:18:06.732 INFO [main] org.apache.catalina.startup.VersionLoggerListener.log JVM Vendor:            Oracle Corporation
10-Dec-2020 15:18:06.733 INFO [main] org.apache.catalina.startup.VersionLoggerListener.log CATALINA_BASE:         C:\Users\admin\Downloads\apache-tomcat-9.0.41-windows-x64\apache-tomcat-9.0.41
10-Dec-2020 15:18:06.733 INFO [main] org.apache.catalina.startup.VersionLoggerListener.log CATALINA_HOME:         C:\Users\admin\Downloads\apache-tomcat-9.0.41-windows-x64\apache-tomcat-9.0.41
10-Dec-2020 15:18:06.736 INFO [main] org.apache.catalina.startup.VersionLoggerListener.log Command line argument: -Djava.util.logging.config.file=C:\Users\admin\Downloads\apache-tomcat-9.0.41-windows-x64\apache-tomcat-9.0.41\conf\logging.properties
10-Dec-2020 15:18:06.736 INFO [main] org.apache.catalina.startup.VersionLoggerListener.log Command line argument: -Djava.util.logging.manager=org.apache.juli.ClassLoaderLogManager
10-Dec-2020 15:18:06.737 INFO [main] org.apache.catalina.startup.VersionLoggerListener.log Command line argument: -Djdk.tls.ephemeralDHKeySize=2048
10-Dec-2020 15:18:06.737 INFO [main] org.apache.catalina.startup.VersionLoggerListener.log Command line argument: -Djava.protocol.handler.pkgs=org.apache.catalina.webresources
10-Dec-2020 15:18:06.737 INFO [main] org.apache.catalina.startup.VersionLoggerListener.log Command line argument: -Dignore.endorsed.dirs=
10-Dec-2020 15:18:06.737 INFO [main] org.apache.catalina.startup.VersionLoggerListener.log Command line argument: -Dcatalina.base=C:\Users\admin\Downloads\apache-tomcat-9.0.41-windows-x64\apache-tomcat-9.0.41
10-Dec-2020 15:18:06.738 INFO [main] org.apache.catalina.startup.VersionLoggerListener.log Command line argument: -Dcatalina.home=C:\Users\admin\Downloads\apache-tomcat-9.0.41-windows-x64\apache-tomcat-9.0.41
10-Dec-2020 15:18:06.738 INFO [main] org.apache.catalina.startup.VersionLoggerListener.log Command line argument: -Djava.io.tmpdir=C:\Users\admin\Downloads\apache-tomcat-9.0.41-windows-x64\apache-tomcat-9.0.41\temp
10-Dec-2020 15:18:06.746 INFO [main] org.apache.catalina.core.AprLifecycleListener.lifecycleEvent Loaded Apache Tomcat Native library [1.2.25] using APR version [1.7.0].
10-Dec-2020 15:18:06.746 INFO [main] org.apache.catalina.core.AprLifecycleListener.lifecycleEvent APR capabilities: IPv6 [true], sendfile [true], accept filters [false], random [true].
10-Dec-2020 15:18:06.747 INFO [main] org.apache.catalina.core.AprLifecycleListener.lifecycleEvent APR/OpenSSL configuration: useAprConnector [false], useOpenSSL [true]
10-Dec-2020 15:18:06.765 INFO [main] org.apache.catalina.core.AprLifecycleListener.initializeSSL OpenSSL successfully initialized [OpenSSL 1.1.1g  21 Apr 2020]
10-Dec-2020 15:18:07.206 INFO [main] org.apache.coyote.AbstractProtocol.init Initializing ProtocolHandler ["http-nio-8080"]
10-Dec-2020 15:18:07.436 INFO [main] org.apache.catalina.startup.Catalina.load Server initialization in [935] milliseconds
10-Dec-2020 15:18:07.478 INFO [main] org.apache.catalina.core.StandardService.startInternal Starting service [Catalina]
10-Dec-2020 15:18:07.479 INFO [main] org.apache.catalina.core.StandardEngine.startInternal Starting Servlet engine: [Apache Tomcat/9.0.41]
10-Dec-2020 15:18:07.496 INFO [main] org.apache.catalina.startup.HostConfig.deployDirectory Deploying web application directory [C:\Users\admin\Downloads\apache-tomcat-9.0.41-windows-x64\apache-tomcat-9.0.41\webapps\docs]
10-Dec-2020 15:18:07.815 INFO [main] org.apache.catalina.startup.HostConfig.deployDirectory Deployment of web application directory [C:\Users\admin\Downloads\apache-tomcat-9.0.41-windows-x64\apache-tomcat-9.0.41\webapps\docs] has finished in [318] ms
10-Dec-2020 15:18:07.816 INFO [main] org.apache.catalina.startup.HostConfig.deployDirectory Deploying web application directory [C:\Users\admin\Downloads\apache-tomcat-9.0.41-windows-x64\apache-tomcat-9.0.41\webapps\examples]
10-Dec-2020 15:18:08.228 INFO [main] org.apache.catalina.startup.HostConfig.deployDirectory Deployment of web application directory [C:\Users\admin\Downloads\apache-tomcat-9.0.41-windows-x64\apache-tomcat-9.0.41\webapps\examples] has finished in [412] ms
10-Dec-2020 15:18:08.229 INFO [main] org.apache.catalina.startup.HostConfig.deployDirectory Deploying web application directory [C:\Users\admin\Downloads\apache-tomcat-9.0.41-windows-x64\apache-tomcat-9.0.41\webapps\host-manager]
10-Dec-2020 15:18:08.265 INFO [main] org.apache.catalina.startup.HostConfig.deployDirectory Deployment of web application directory [C:\Users\admin\Downloads\apache-tomcat-9.0.41-windows-x64\apache-tomcat-9.0.41\webapps\host-manager] has finished in [36] ms
10-Dec-2020 15:18:08.265 INFO [main] org.apache.catalina.startup.HostConfig.deployDirectory Deploying web application directory [C:\Users\admin\Downloads\apache-tomcat-9.0.41-windows-x64\apache-tomcat-9.0.41\webapps\manager]
10-Dec-2020 15:18:08.296 INFO [main] org.apache.catalina.startup.HostConfig.deployDirectory Deployment of web application directory [C:\Users\admin\Downloads\apache-tomcat-9.0.41-windows-x64\apache-tomcat-9.0.41\webapps\manager] has finished in [31] ms
10-Dec-2020 15:18:08.297 INFO [main] org.apache.catalina.startup.HostConfig.deployDirectory Deploying web application directory [C:\Users\admin\Downloads\apache-tomcat-9.0.41-windows-x64\apache-tomcat-9.0.41\webapps\ROOT]
10-Dec-2020 15:18:08.327 INFO [main] org.apache.catalina.startup.HostConfig.deployDirectory Deployment of web application directory [C:\Users\admin\Downloads\apache-tomcat-9.0.41-windows-x64\apache-tomcat-9.0.41\webapps\ROOT] has finished in [29] ms
10-Dec-2020 15:18:08.330 INFO [main] org.apache.coyote.AbstractProtocol.start Starting ProtocolHandler ["http-nio-8080"]
10-Dec-2020 15:18:08.341 INFO [main] org.apache.catalina.startup.Catalina.start Server startup in [905] milliseconds
